[35m[Appium][39m Welcome to Appium v1.22.3
[35m[Appium][39m Non-default server args:
[35m[Appium][39m   port: 55628
[35m[Appium][39m   loglevel: info
[35m[Appium][39m   tmpDir: C:\Users\BUGHUN~1\AppData\Local\Temp\\Katalon\Appium\Temp1665986865300
[35m[Appium][39m   chromedriverPort: 55629
[35m[Appium][39m Deprecated server args:
[35m[Appium][39m   [31m--chromedriver-port[39m => --default-capabilities
[35m[Appium][39m Default capabilities, which will be added to each request unless overridden by desired capabilities:
[35m[Appium][39m   chromedriverPort: 55629
[35m[Appium][39m Appium REST http interface listener started on 0.0.0.0:55628
[35m[HTTP][39m [37m-->[39m [37mGET[39m [37m/wd/hub/status[39m
[35m[HTTP][39m [90m{}[39m
[35m[HTTP][39m [37m<-- GET /wd/hub/status [39m[32m200[39m [90m6 ms - 68[39m
[35m[HTTP][39m [90m[39m
[35m[HTTP][39m [37m-->[39m [37mGET[39m [37m/wd/hub/status[39m
[35m[HTTP][39m [90m{}[39m
[35m[HTTP][39m [37m<-- GET /wd/hub/status [39m[32m200[39m [90m1 ms - 68[39m
[35m[HTTP][39m [90m[39m
[35m[HTTP][39m [37m-->[39m [37mPOST[39m [37m/wd/hub/session[39m
[35m[HTTP][39m [90m{"desiredCapabilities":{"appActivity":".Settings","appPackage":"com.android.settings","newCommandTimeout":1800,"platformVersion":"11","automationName":"uiautomator2","autoGrantPermissions":true,"platformName":"Android","udid":"emulator-5554","deviceName":"emulator-5554 (Android SDK built for x86 - Android 11)","platform":"ANDROID","systemPort":8297},"capabilities":{"firstMatch":[{"appium:appActivity":".Settings","appium:appPackage":"com.android.settings","appium:autoGrantPermissions":true,"appium:automationName":"uiautomator2","appium:deviceName":"emulator-5554 (Android SDK built for x86 - Android 11)","appium:newCommandTimeout":1800,"platform":"ANDROID","platformName":"android","appium:platformVersion":"11","appium:systemPort":8297,"appium:udid":"emulator-5554"}]}}[39m
[35m[BaseDriver][39m The following capabilities are not standard capabilities and should have an extension prefix:
[35m[BaseDriver][39m   platform
[35m[BaseDriver][39m   chromedriverPort
[35m[Appium][39m Appium v1.22.3 creating new AndroidUiautomator2Driver (v1.70.1) session
[35m[BaseDriver][39m The following capabilities were provided, but are not recognized by Appium:
[35m[BaseDriver][39m   platform
[35m[BaseDriver][39m Session created with session id: 3c8fbda8-75f7-4ffa-879c-cd0f2eaf0990
[35m[UiAutomator2][39m Starting 'com.android.settings' directly on the device
[35m[ADB][39m Found 1 'build-tools' folders under 'C:\Users\bughunter\AppData\Local\Android\Sdk' (newest first):
[35m[ADB][39m     C:/Users/bughunter/AppData/Local/Android/Sdk/build-tools/30.0.3
[35m[ADB][39m Using 'adb.exe' from 'C:\Users\bughunter\AppData\Local\Android\Sdk\platform-tools\adb.exe'
[35m[AndroidDriver][39m Retrieving device list
[35m[AndroidDriver][39m Using device: emulator-5554
[35m[ADB][39m Using 'adb.exe' from 'C:\Users\bughunter\AppData\Local\Android\Sdk\platform-tools\adb.exe'
[35m[ADB][39m Getting device platform version
[35m[UiAutomator2][39m Relaxing hidden api policy
[35m[AndroidDriver][39m No app sent in, not parsing package/activity
[35m[ADB][39m Using 'apksigner.jar' from 'C:\Users\bughunter\AppData\Local\Android\Sdk\build-tools\30.0.3\lib\apksigner.jar'
[35m[ADB][39m 'C:\Users\bughunter\AppData\Roaming\npm\node_modules\appium\node_modules\appium-uiautomator2-server\apks\appium-uiautomator2-server-v4.27.0.apk' is signed with the default certificate
[35m[ADB][39m 'C:\Users\bughunter\AppData\Roaming\npm\node_modules\appium\node_modules\appium-uiautomator2-server\apks\appium-uiautomator2-server-debug-androidTest.apk' is signed with the default certificate
[35m[UiAutomator2][39m Server packages are not going to be (re)installed
[35m[ADB][39m Adding packages ["io.appium.settings","io.appium.uiautomator2.server","io.appium.uiautomator2.server.test"] to Doze whitelist
[35m[UiAutomator2][39m Starting UIAutomator2 server 4.27.0
[35m[UiAutomator2][39m Using UIAutomator2 server from 'C:\Users\bughunter\AppData\Roaming\npm\node_modules\appium\node_modules\appium-uiautomator2-server\apks\appium-uiautomator2-server-v4.27.0.apk' and test from 'C:\Users\bughunter\AppData\Roaming\npm\node_modules\appium\node_modules\appium-uiautomator2-server\apks\appium-uiautomator2-server-debug-androidTest.apk'
[35m[UiAutomator2][39m Waiting up to 30000ms for UiAutomator2 to be online...
[35m[WD Proxy][39m socket hang up
[35m[WD Proxy][39m socket hang up
[35m[WD Proxy][39m socket hang up
[35m[WD Proxy][39m socket hang up
[35m[WD Proxy][39m Determined the downstream protocol as 'W3C'
[35m[AndroidDriver][39m Screen already unlocked, doing nothing
[35m[UiAutomator2][39m Starting 'com.android.settings/.Settings and waiting for 'com.android.settings/.Settings'
[35m[Appium][39m New AndroidUiautomator2Driver session created successfully, session 3c8fbda8-75f7-4ffa-879c-cd0f2eaf0990 added to master session list
[35m[HTTP][39m [37m<-- POST /wd/hub/session [39m[32m200[39m [90m13396 ms - 1209[39m
[35m[HTTP][39m [90m[39m
[35m[HTTP][39m [37m-->[39m [37mGET[39m [37m/wd/hub/session/3c8fbda8-75f7-4ffa-879c-cd0f2eaf0990[39m
[35m[HTTP][39m [90m{}[39m
[35m[HTTP][39m [37m<-- GET /wd/hub/session/3c8fbda8-75f7-4ffa-879c-cd0f2eaf0990 [39m[32m200[39m [90m58 ms - 1163[39m
[35m[HTTP][39m [90m[39m
[35m[HTTP][39m [37m-->[39m [37mGET[39m [37m/wd/hub/session/3c8fbda8-75f7-4ffa-879c-cd0f2eaf0990[39m
[35m[HTTP][39m [90m{}[39m
[35m[HTTP][39m [37m<-- GET /wd/hub/session/3c8fbda8-75f7-4ffa-879c-cd0f2eaf0990 [39m[32m200[39m [90m68 ms - 1163[39m
[35m[HTTP][39m [90m[39m
[35m[HTTP][39m [37m-->[39m [37mGET[39m [37m/wd/hub/status[39m
[35m[HTTP][39m [90m{}[39m
[35m[HTTP][39m [37m<-- GET /wd/hub/status [39m[32m200[39m [90m1 ms - 68[39m
[35m[HTTP][39m [90m[39m
[35m[HTTP][39m [37m-->[39m [37mPOST[39m [37m/wd/hub/session/3c8fbda8-75f7-4ffa-879c-cd0f2eaf0990/timeouts[39m
[35m[HTTP][39m [90m{"implicit":60000}[39m
[35m[HTTP][39m [37m<-- POST /wd/hub/session/3c8fbda8-75f7-4ffa-879c-cd0f2eaf0990/timeouts [39m[32m200[39m [90m4 ms - 14[39m
[35m[HTTP][39m [90m[39m
[35m[HTTP][39m [37m-->[39m [37mGET[39m [37m/wd/hub/session/3c8fbda8-75f7-4ffa-879c-cd0f2eaf0990/screenshot[39m
[35m[HTTP][39m [90m{}[39m
[35m[HTTP][39m [37m<-- GET /wd/hub/session/3c8fbda8-75f7-4ffa-879c-cd0f2eaf0990/screenshot [39m[32m200[39m [90m1310 ms - 240890[39m
[35m[HTTP][39m [90m[39m
[35m[HTTP][39m [37m-->[39m [37mGET[39m [37m/wd/hub/session/3c8fbda8-75f7-4ffa-879c-cd0f2eaf0990/window/rect[39m
[35m[HTTP][39m [90m{}[39m
[35m[HTTP][39m [37m<-- GET /wd/hub/session/3c8fbda8-75f7-4ffa-879c-cd0f2eaf0990/window/rect [39m[32m200[39m [90m28 ms - 50[39m
[35m[HTTP][39m [90m[39m
[35m[HTTP][39m [37m-->[39m [37mGET[39m [37m/wd/hub/session/3c8fbda8-75f7-4ffa-879c-cd0f2eaf0990/appium/device/system_bars[39m
[35m[HTTP][39m [90m{}[39m
[35m[HTTP][39m [37m<-- GET /wd/hub/session/3c8fbda8-75f7-4ffa-879c-cd0f2eaf0990/appium/device/system_bars [39m[32m200[39m [90m97 ms - 149[39m
[35m[HTTP][39m [90m[39m
[35m[HTTP][39m [37m-->[39m [37mPOST[39m [37m/wd/hub/session/3c8fbda8-75f7-4ffa-879c-cd0f2eaf0990/appium/device/activate_app[39m
[35m[HTTP][39m [90m{"bundleId":"com.faksmobile.konfamapp"}[39m
[35m[HTTP][39m [37m<-- POST /wd/hub/session/3c8fbda8-75f7-4ffa-879c-cd0f2eaf0990/appium/device/activate_app [39m[32m200[39m [90m985 ms - 14[39m
[35m[HTTP][39m [90m[39m
[35m[HTTP][39m [37m-->[39m [37mGET[39m [37m/wd/hub/session/3c8fbda8-75f7-4ffa-879c-cd0f2eaf0990/source[39m
[35m[HTTP][39m [90m{}[39m
[35m[W3C (3c8fbda8)][39m Driver proxy active, passing request on via HTTP proxy
[35m[WD Proxy][39m Replacing sessionId bd0e9cbd-7b14-4ec9-bb6a-822bdc399f40 with 3c8fbda8-75f7-4ffa-879c-cd0f2eaf0990
[35m[HTTP][39m [37m<-- GET /wd/hub/session/3c8fbda8-75f7-4ffa-879c-cd0f2eaf0990/source [39m[32m200[39m [90m1095 ms - 600[39m
[35m[HTTP][39m [90m[39m
[35m[HTTP][39m [37m-->[39m [37mGET[39m [37m/wd/hub/session/3c8fbda8-75f7-4ffa-879c-cd0f2eaf0990/screenshot[39m
[35m[HTTP][39m [90m{}[39m
[35m[HTTP][39m [37m<-- GET /wd/hub/session/3c8fbda8-75f7-4ffa-879c-cd0f2eaf0990/screenshot [39m[32m200[39m [90m1329 ms - 218076[39m
[35m[HTTP][39m [90m[39m
[35m[HTTP][39m [37m-->[39m [37mPOST[39m [37m/wd/hub/session/3c8fbda8-75f7-4ffa-879c-cd0f2eaf0990/elements[39m
[35m[HTTP][39m [90m{"using":"xpath","value":"//*[@class = 'android.widget.FrameLayout' and (@text = '' or . = '')]"}[39m
[35m[HTTP][39m [37m<-- POST /wd/hub/session/3c8fbda8-75f7-4ffa-879c-cd0f2eaf0990/elements [39m[32m200[39m [90m1089 ms - 779[39m
[35m[HTTP][39m [90m[39m
[35m[HTTP][39m [37m-->[39m [37mPOST[39m [37m/wd/hub/session/3c8fbda8-75f7-4ffa-879c-cd0f2eaf0990/elements[39m
[35m[HTTP][39m [90m{"using":"-android uiautomator","value":"new UiSelector().className(\"android.widget.FrameLayout\")"}[39m
[35m[HTTP][39m [37m<-- POST /wd/hub/session/3c8fbda8-75f7-4ffa-879c-cd0f2eaf0990/elements [39m[32m200[39m [90m134 ms - 779[39m
[35m[HTTP][39m [90m[39m
[35m[HTTP][39m [37m-->[39m [37mGET[39m [37m/wd/hub/session/3c8fbda8-75f7-4ffa-879c-cd0f2eaf0990/window/rect[39m
[35m[HTTP][39m [90m{}[39m
[35m[HTTP][39m [37m<-- GET /wd/hub/session/3c8fbda8-75f7-4ffa-879c-cd0f2eaf0990/window/rect [39m[32m200[39m [90m13 ms - 50[39m
[35m[HTTP][39m [90m[39m
[35m[HTTP][39m [37m-->[39m [37mPOST[39m [37m/wd/hub/session/3c8fbda8-75f7-4ffa-879c-cd0f2eaf0990/elements[39m
[35m[HTTP][39m [90m{"using":"xpath","value":"//hierarchy/android.widget.FrameLayout[1]"}[39m
[35m[HTTP][39m [37m<-- POST /wd/hub/session/3c8fbda8-75f7-4ffa-879c-cd0f2eaf0990/elements [39m[32m200[39m [90m110 ms - 139[39m
[35m[HTTP][39m [90m[39m
[35m[HTTP][39m [37m-->[39m [37mGET[39m [37m/wd/hub/session/3c8fbda8-75f7-4ffa-879c-cd0f2eaf0990/element/00000000-0000-0074-ffff-ffff7ffffffe/location[39m
[35m[HTTP][39m [90m{}[39m
[35m[W3C (3c8fbda8)][39m Driver proxy active, passing request on via HTTP proxy
[35m[WD Proxy][39m Replacing sessionId bd0e9cbd-7b14-4ec9-bb6a-822bdc399f40 with 3c8fbda8-75f7-4ffa-879c-cd0f2eaf0990
[35m[HTTP][39m [37m<-- GET /wd/hub/session/3c8fbda8-75f7-4ffa-879c-cd0f2eaf0990/element/00000000-0000-0074-ffff-ffff7ffffffe/location [39m[32m200[39m [90m17 ms - 74[39m
[35m[HTTP][39m [90m[39m
[35m[HTTP][39m [37m-->[39m [37mPOST[39m [37m/wd/hub/session/3c8fbda8-75f7-4ffa-879c-cd0f2eaf0990/element/00000000-0000-0074-ffff-ffff7ffffffe/click[39m
[35m[HTTP][39m [90m{"id":"00000000-0000-0074-ffff-ffff7ffffffe"}[39m
[35m[HTTP][39m [37m<-- POST /wd/hub/session/3c8fbda8-75f7-4ffa-879c-cd0f2eaf0990/element/00000000-0000-0074-ffff-ffff7ffffffe/click [39m[32m200[39m [90m144 ms - 14[39m
[35m[HTTP][39m [90m[39m
[35m[HTTP][39m [37m-->[39m [37mGET[39m [37m/wd/hub/session/3c8fbda8-75f7-4ffa-879c-cd0f2eaf0990/source[39m
[35m[HTTP][39m [90m{}[39m
[35m[W3C (3c8fbda8)][39m Driver proxy active, passing request on via HTTP proxy
[35m[WD Proxy][39m Replacing sessionId bd0e9cbd-7b14-4ec9-bb6a-822bdc399f40 with 3c8fbda8-75f7-4ffa-879c-cd0f2eaf0990
[35m[HTTP][39m [37m<-- GET /wd/hub/session/3c8fbda8-75f7-4ffa-879c-cd0f2eaf0990/source [39m[32m200[39m [90m146 ms - 12829[39m
[35m[HTTP][39m [90m[39m
[35m[HTTP][39m [37m-->[39m [37mGET[39m [37m/wd/hub/session/3c8fbda8-75f7-4ffa-879c-cd0f2eaf0990/screenshot[39m
[35m[HTTP][39m [90m{}[39m
[35m[HTTP][39m [37m<-- GET /wd/hub/session/3c8fbda8-75f7-4ffa-879c-cd0f2eaf0990/screenshot [39m[32m200[39m [90m704 ms - 216722[39m
[35m[HTTP][39m [90m[39m
[35m[HTTP][39m [37m-->[39m [37mPOST[39m [37m/wd/hub/session/3c8fbda8-75f7-4ffa-879c-cd0f2eaf0990/elements[39m
[35m[HTTP][39m [90m{"using":"xpath","value":"//*[@class = 'android.widget.EditText' and @resource-id = 'com.faksmobile.konfamapp:id/txtfullname' and (@text = '' or . = '')]"}[39m
[35m[HTTP][39m [37m<-- POST /wd/hub/session/3c8fbda8-75f7-4ffa-879c-cd0f2eaf0990/elements [39m[32m200[39m [90m137 ms - 139[39m
[35m[HTTP][39m [90m[39m
[35m[HTTP][39m [37m-->[39m [37mGET[39m [37m/wd/hub/session/3c8fbda8-75f7-4ffa-879c-cd0f2eaf0990/window/rect[39m
[35m[HTTP][39m [90m{}[39m
[35m[HTTP][39m [37m<-- GET /wd/hub/session/3c8fbda8-75f7-4ffa-879c-cd0f2eaf0990/window/rect [39m[32m200[39m [90m12 ms - 50[39m
[35m[HTTP][39m [90m[39m
[35m[HTTP][39m [37m-->[39m [37mPOST[39m [37m/wd/hub/session/3c8fbda8-75f7-4ffa-879c-cd0f2eaf0990/elements[39m
[35m[HTTP][39m [90m{"using":"xpath","value":"//*[@class = 'android.widget.EditText' and @resource-id = 'com.faksmobile.konfamapp:id/txtfullname' and (@text = '' or . = '')]"}[39m
[35m[HTTP][39m [37m<-- POST /wd/hub/session/3c8fbda8-75f7-4ffa-879c-cd0f2eaf0990/elements [39m[32m200[39m [90m157 ms - 139[39m
[35m[HTTP][39m [90m[39m
[35m[HTTP][39m [37m-->[39m [37mGET[39m [37m/wd/hub/session/3c8fbda8-75f7-4ffa-879c-cd0f2eaf0990/element/00000000-0000-0074-ffff-ffff00000011/location[39m
[35m[HTTP][39m [90m{}[39m
[35m[W3C (3c8fbda8)][39m Driver proxy active, passing request on via HTTP proxy
[35m[WD Proxy][39m Replacing sessionId bd0e9cbd-7b14-4ec9-bb6a-822bdc399f40 with 3c8fbda8-75f7-4ffa-879c-cd0f2eaf0990
[35m[HTTP][39m [37m<-- GET /wd/hub/session/3c8fbda8-75f7-4ffa-879c-cd0f2eaf0990/element/00000000-0000-0074-ffff-ffff00000011/location [39m[32m200[39m [90m21 ms - 77[39m
[35m[HTTP][39m [90m[39m
[35m[HTTP][39m [37m-->[39m [37mPOST[39m [37m/wd/hub/session/3c8fbda8-75f7-4ffa-879c-cd0f2eaf0990/touch/perform[39m
[35m[HTTP][39m [90m{"actions":[{"action":"longPress","options":{"element":"00000000-0000-0074-ffff-ffff00000011"}},{"action":"release","options":{}}]}[39m
[35m[UiAutomator2][39m calling get location: 00000000-0000-0074-ffff-ffff00000011
[35m[HTTP][39m [37m<-- POST /wd/hub/session/3c8fbda8-75f7-4ffa-879c-cd0f2eaf0990/touch/perform [39m[32m200[39m [90m2785 ms - 14[39m
[35m[HTTP][39m [90m[39m
[35m[HTTP][39m [37m-->[39m [37mGET[39m [37m/wd/hub/session/3c8fbda8-75f7-4ffa-879c-cd0f2eaf0990/source[39m
[35m[HTTP][39m [90m{}[39m
[35m[W3C (3c8fbda8)][39m Driver proxy active, passing request on via HTTP proxy
[35m[WD Proxy][39m Replacing sessionId bd0e9cbd-7b14-4ec9-bb6a-822bdc399f40 with 3c8fbda8-75f7-4ffa-879c-cd0f2eaf0990
[35m[HTTP][39m [37m<-- GET /wd/hub/session/3c8fbda8-75f7-4ffa-879c-cd0f2eaf0990/source [39m[32m200[39m [90m102 ms - 12829[39m
[35m[HTTP][39m [90m[39m
[35m[HTTP][39m [37m-->[39m [37mGET[39m [37m/wd/hub/session/3c8fbda8-75f7-4ffa-879c-cd0f2eaf0990/screenshot[39m
[35m[HTTP][39m [90m{}[39m
[35m[HTTP][39m [37m<-- GET /wd/hub/session/3c8fbda8-75f7-4ffa-879c-cd0f2eaf0990/screenshot [39m[32m200[39m [90m704 ms - 230302[39m
[35m[HTTP][39m [90m[39m
[35m[HTTP][39m [37m-->[39m [37mPOST[39m [37m/wd/hub/session/3c8fbda8-75f7-4ffa-879c-cd0f2eaf0990/elements[39m
[35m[HTTP][39m [90m{"using":"xpath","value":"//*[@class = 'android.widget.EditText' and @resource-id = 'com.faksmobile.konfamapp:id/txtfullname' and (@text = '' or . = '')]"}[39m
[35m[HTTP][39m [37m<-- POST /wd/hub/session/3c8fbda8-75f7-4ffa-879c-cd0f2eaf0990/elements [39m[32m200[39m [90m178 ms - 139[39m
[35m[HTTP][39m [90m[39m
[35m[HTTP][39m [37m-->[39m [37mGET[39m [37m/wd/hub/session/3c8fbda8-75f7-4ffa-879c-cd0f2eaf0990/window/rect[39m
[35m[HTTP][39m [90m{}[39m
[35m[HTTP][39m [37m<-- GET /wd/hub/session/3c8fbda8-75f7-4ffa-879c-cd0f2eaf0990/window/rect [39m[32m200[39m [90m12 ms - 50[39m
[35m[HTTP][39m [90m[39m
[35m[HTTP][39m [37m-->[39m [37mPOST[39m [37m/wd/hub/session/3c8fbda8-75f7-4ffa-879c-cd0f2eaf0990/elements[39m
[35m[HTTP][39m [90m{"using":"xpath","value":"//*[@class = 'android.widget.EditText' and @resource-id = 'com.faksmobile.konfamapp:id/txtfullname' and (@text = '' or . = '')]"}[39m
[35m[HTTP][39m [37m<-- POST /wd/hub/session/3c8fbda8-75f7-4ffa-879c-cd0f2eaf0990/elements [39m[32m200[39m [90m146 ms - 139[39m
[35m[HTTP][39m [90m[39m
[35m[HTTP][39m [37m-->[39m [37mGET[39m [37m/wd/hub/session/3c8fbda8-75f7-4ffa-879c-cd0f2eaf0990/element/00000000-0000-0074-ffff-ffff00000011/location[39m
[35m[HTTP][39m [90m{}[39m
[35m[W3C (3c8fbda8)][39m Driver proxy active, passing request on via HTTP proxy
[35m[WD Proxy][39m Replacing sessionId bd0e9cbd-7b14-4ec9-bb6a-822bdc399f40 with 3c8fbda8-75f7-4ffa-879c-cd0f2eaf0990
[35m[HTTP][39m [37m<-- GET /wd/hub/session/3c8fbda8-75f7-4ffa-879c-cd0f2eaf0990/element/00000000-0000-0074-ffff-ffff00000011/location [39m[32m200[39m [90m17 ms - 77[39m
[35m[HTTP][39m [90m[39m
[35m[HTTP][39m [37m-->[39m [37mPOST[39m [37m/wd/hub/session/3c8fbda8-75f7-4ffa-879c-cd0f2eaf0990/element/00000000-0000-0074-ffff-ffff00000011/click[39m
[35m[HTTP][39m [90m{"id":"00000000-0000-0074-ffff-ffff00000011"}[39m
[35m[HTTP][39m [37m<-- POST /wd/hub/session/3c8fbda8-75f7-4ffa-879c-cd0f2eaf0990/element/00000000-0000-0074-ffff-ffff00000011/click [39m[32m200[39m [90m851 ms - 14[39m
[35m[HTTP][39m [90m[39m
[35m[HTTP][39m [37m-->[39m [37mGET[39m [37m/wd/hub/session/3c8fbda8-75f7-4ffa-879c-cd0f2eaf0990/source[39m
[35m[HTTP][39m [90m{}[39m
[35m[W3C (3c8fbda8)][39m Driver proxy active, passing request on via HTTP proxy
[35m[WD Proxy][39m Replacing sessionId bd0e9cbd-7b14-4ec9-bb6a-822bdc399f40 with 3c8fbda8-75f7-4ffa-879c-cd0f2eaf0990
[35m[HTTP][39m [37m<-- GET /wd/hub/session/3c8fbda8-75f7-4ffa-879c-cd0f2eaf0990/source [39m[32m200[39m [90m112 ms - 12829[39m
[35m[HTTP][39m [90m[39m
[35m[HTTP][39m [37m-->[39m [37mGET[39m [37m/wd/hub/session/3c8fbda8-75f7-4ffa-879c-cd0f2eaf0990/screenshot[39m
[35m[HTTP][39m [90m{}[39m
[35m[HTTP][39m [37m<-- GET /wd/hub/session/3c8fbda8-75f7-4ffa-879c-cd0f2eaf0990/screenshot [39m[32m200[39m [90m684 ms - 225244[39m
[35m[HTTP][39m [90m[39m
[35m[HTTP][39m [37m-->[39m [37mPOST[39m [37m/wd/hub/session/3c8fbda8-75f7-4ffa-879c-cd0f2eaf0990/elements[39m
[35m[HTTP][39m [90m{"using":"xpath","value":"//*[@class = 'android.widget.RadioButton' and (@text = 'Female' or . = 'Female') and @resource-id = 'com.faksmobile.konfamapp:id/radio_female']"}[39m
[35m[HTTP][39m [37m<-- POST /wd/hub/session/3c8fbda8-75f7-4ffa-879c-cd0f2eaf0990/elements [39m[32m200[39m [90m133 ms - 139[39m
[35m[HTTP][39m [90m[39m
[35m[HTTP][39m [37m-->[39m [37mGET[39m [37m/wd/hub/session/3c8fbda8-75f7-4ffa-879c-cd0f2eaf0990/window/rect[39m
[35m[HTTP][39m [90m{}[39m
[35m[HTTP][39m [37m<-- GET /wd/hub/session/3c8fbda8-75f7-4ffa-879c-cd0f2eaf0990/window/rect [39m[32m200[39m [90m10 ms - 50[39m
[35m[HTTP][39m [90m[39m
[35m[HTTP][39m [37m-->[39m [37mPOST[39m [37m/wd/hub/session/3c8fbda8-75f7-4ffa-879c-cd0f2eaf0990/elements[39m
[35m[HTTP][39m [90m{"using":"xpath","value":"//*[@class = 'android.widget.RadioButton' and (@text = 'Female' or . = 'Female') and @resource-id = 'com.faksmobile.konfamapp:id/radio_female']"}[39m
[35m[HTTP][39m [37m<-- POST /wd/hub/session/3c8fbda8-75f7-4ffa-879c-cd0f2eaf0990/elements [39m[32m200[39m [90m118 ms - 139[39m
[35m[HTTP][39m [90m[39m
[35m[HTTP][39m [37m-->[39m [37mGET[39m [37m/wd/hub/session/3c8fbda8-75f7-4ffa-879c-cd0f2eaf0990/element/00000000-0000-0074-ffff-ffff00000018/location[39m
[35m[HTTP][39m [90m{}[39m
[35m[W3C (3c8fbda8)][39m Driver proxy active, passing request on via HTTP proxy
[35m[WD Proxy][39m Replacing sessionId bd0e9cbd-7b14-4ec9-bb6a-822bdc399f40 with 3c8fbda8-75f7-4ffa-879c-cd0f2eaf0990
[35m[HTTP][39m [37m<-- GET /wd/hub/session/3c8fbda8-75f7-4ffa-879c-cd0f2eaf0990/element/00000000-0000-0074-ffff-ffff00000018/location [39m[32m200[39m [90m16 ms - 78[39m
[35m[HTTP][39m [90m[39m
[35m[HTTP][39m [37m-->[39m [37mPOST[39m [37m/wd/hub/session/3c8fbda8-75f7-4ffa-879c-cd0f2eaf0990/element/00000000-0000-0074-ffff-ffff00000018/click[39m
[35m[HTTP][39m [90m{"id":"00000000-0000-0074-ffff-ffff00000018"}[39m
[35m[HTTP][39m [37m<-- POST /wd/hub/session/3c8fbda8-75f7-4ffa-879c-cd0f2eaf0990/element/00000000-0000-0074-ffff-ffff00000018/click [39m[32m200[39m [90m110 ms - 14[39m
[35m[HTTP][39m [90m[39m
[35m[HTTP][39m [37m-->[39m [37mGET[39m [37m/wd/hub/session/3c8fbda8-75f7-4ffa-879c-cd0f2eaf0990/source[39m
[35m[HTTP][39m [90m{}[39m
[35m[W3C (3c8fbda8)][39m Driver proxy active, passing request on via HTTP proxy
[35m[WD Proxy][39m Replacing sessionId bd0e9cbd-7b14-4ec9-bb6a-822bdc399f40 with 3c8fbda8-75f7-4ffa-879c-cd0f2eaf0990
[35m[HTTP][39m [37m<-- GET /wd/hub/session/3c8fbda8-75f7-4ffa-879c-cd0f2eaf0990/source [39m[32m200[39m [90m223 ms - 12829[39m
[35m[HTTP][39m [90m[39m
[35m[HTTP][39m [37m-->[39m [37mGET[39m [37m/wd/hub/session/3c8fbda8-75f7-4ffa-879c-cd0f2eaf0990/screenshot[39m
[35m[HTTP][39m [90m{}[39m
[35m[HTTP][39m [37m<-- GET /wd/hub/session/3c8fbda8-75f7-4ffa-879c-cd0f2eaf0990/screenshot [39m[32m200[39m [90m697 ms - 225950[39m
[35m[HTTP][39m [90m[39m
[35m[HTTP][39m [37m-->[39m [37mPOST[39m [37m/wd/hub/session/3c8fbda8-75f7-4ffa-879c-cd0f2eaf0990/elements[39m
[35m[HTTP][39m [90m{"using":"xpath","value":"//*[@class = 'android.widget.EditText' and @resource-id = 'com.faksmobile.konfamapp:id/txtphonenumber' and (@text = '' or . = '')]"}[39m
[35m[HTTP][39m [37m<-- POST /wd/hub/session/3c8fbda8-75f7-4ffa-879c-cd0f2eaf0990/elements [39m[32m200[39m [90m172 ms - 139[39m
[35m[HTTP][39m [90m[39m
[35m[HTTP][39m [37m-->[39m [37mGET[39m [37m/wd/hub/session/3c8fbda8-75f7-4ffa-879c-cd0f2eaf0990/window/rect[39m
[35m[HTTP][39m [90m{}[39m
[35m[HTTP][39m [37m<-- GET /wd/hub/session/3c8fbda8-75f7-4ffa-879c-cd0f2eaf0990/window/rect [39m[32m200[39m [90m12 ms - 50[39m
[35m[HTTP][39m [90m[39m
[35m[HTTP][39m [37m-->[39m [37mPOST[39m [37m/wd/hub/session/3c8fbda8-75f7-4ffa-879c-cd0f2eaf0990/elements[39m
[35m[HTTP][39m [90m{"using":"xpath","value":"//*[@class = 'android.widget.EditText' and @resource-id = 'com.faksmobile.konfamapp:id/txtphonenumber' and (@text = '' or . = '')]"}[39m
[35m[HTTP][39m [37m<-- POST /wd/hub/session/3c8fbda8-75f7-4ffa-879c-cd0f2eaf0990/elements [39m[32m200[39m [90m124 ms - 139[39m
[35m[HTTP][39m [90m[39m
[35m[HTTP][39m [37m-->[39m [37mGET[39m [37m/wd/hub/session/3c8fbda8-75f7-4ffa-879c-cd0f2eaf0990/element/00000000-0000-0074-ffff-ffff00000014/location[39m
[35m[HTTP][39m [90m{}[39m
[35m[W3C (3c8fbda8)][39m Driver proxy active, passing request on via HTTP proxy
[35m[WD Proxy][39m Replacing sessionId bd0e9cbd-7b14-4ec9-bb6a-822bdc399f40 with 3c8fbda8-75f7-4ffa-879c-cd0f2eaf0990
[35m[HTTP][39m [37m<-- GET /wd/hub/session/3c8fbda8-75f7-4ffa-879c-cd0f2eaf0990/element/00000000-0000-0074-ffff-ffff00000014/location [39m[32m200[39m [90m14 ms - 77[39m
[35m[HTTP][39m [90m[39m
[35m[HTTP][39m [37m-->[39m [37mPOST[39m [37m/wd/hub/session/3c8fbda8-75f7-4ffa-879c-cd0f2eaf0990/element/00000000-0000-0074-ffff-ffff00000014/clear[39m
[35m[HTTP][39m [90m{"id":"00000000-0000-0074-ffff-ffff00000014"}[39m
[35m[HTTP][39m [37m<-- POST /wd/hub/session/3c8fbda8-75f7-4ffa-879c-cd0f2eaf0990/element/00000000-0000-0074-ffff-ffff00000014/clear [39m[32m200[39m [90m17 ms - 14[39m
[35m[HTTP][39m [90m[39m
[35m[HTTP][39m [37m-->[39m [37mPOST[39m [37m/wd/hub/session/3c8fbda8-75f7-4ffa-879c-cd0f2eaf0990/element/00000000-0000-0074-ffff-ffff00000014/value[39m
[35m[HTTP][39m [90m{"id":"00000000-0000-0074-ffff-ffff00000014","text":"8800448519","value":["8","8","0","0","4","4","8","5","1","9"]}[39m
[35m[HTTP][39m [37m<-- POST /wd/hub/session/3c8fbda8-75f7-4ffa-879c-cd0f2eaf0990/element/00000000-0000-0074-ffff-ffff00000014/value [39m[32m200[39m [90m531 ms - 14[39m
[35m[HTTP][39m [90m[39m
[35m[HTTP][39m [37m-->[39m [37mGET[39m [37m/wd/hub/session/3c8fbda8-75f7-4ffa-879c-cd0f2eaf0990/source[39m
[35m[HTTP][39m [90m{}[39m
[35m[W3C (3c8fbda8)][39m Driver proxy active, passing request on via HTTP proxy
[35m[WD Proxy][39m Replacing sessionId bd0e9cbd-7b14-4ec9-bb6a-822bdc399f40 with 3c8fbda8-75f7-4ffa-879c-cd0f2eaf0990
[35m[HTTP][39m [37m<-- GET /wd/hub/session/3c8fbda8-75f7-4ffa-879c-cd0f2eaf0990/source [39m[32m200[39m [90m80 ms - 12839[39m
[35m[HTTP][39m [90m[39m
[35m[HTTP][39m [37m-->[39m [37mGET[39m [37m/wd/hub/session/3c8fbda8-75f7-4ffa-879c-cd0f2eaf0990/screenshot[39m
[35m[HTTP][39m [90m{}[39m
[35m[HTTP][39m [37m<-- GET /wd/hub/session/3c8fbda8-75f7-4ffa-879c-cd0f2eaf0990/screenshot [39m[32m200[39m [90m686 ms - 231028[39m
[35m[HTTP][39m [90m[39m
[35m[HTTP][39m [37m-->[39m [37mPOST[39m [37m/wd/hub/session/3c8fbda8-75f7-4ffa-879c-cd0f2eaf0990/elements[39m
[35m[HTTP][39m [90m{"using":"xpath","value":"//*[@class = 'android.widget.EditText' and @resource-id = 'com.faksmobile.konfamapp:id/txtfullname' and (@text = '' or . = '')]"}[39m
[35m[HTTP][39m [37m<-- POST /wd/hub/session/3c8fbda8-75f7-4ffa-879c-cd0f2eaf0990/elements [39m[32m200[39m [90m132 ms - 139[39m
[35m[HTTP][39m [90m[39m
[35m[HTTP][39m [37m-->[39m [37mGET[39m [37m/wd/hub/session/3c8fbda8-75f7-4ffa-879c-cd0f2eaf0990/window/rect[39m
[35m[HTTP][39m [90m{}[39m
[35m[HTTP][39m [37m<-- GET /wd/hub/session/3c8fbda8-75f7-4ffa-879c-cd0f2eaf0990/window/rect [39m[32m200[39m [90m13 ms - 50[39m
[35m[HTTP][39m [90m[39m
[35m[HTTP][39m [37m-->[39m [37mPOST[39m [37m/wd/hub/session/3c8fbda8-75f7-4ffa-879c-cd0f2eaf0990/elements[39m
[35m[HTTP][39m [90m{"using":"xpath","value":"//*[@class = 'android.widget.EditText' and @resource-id = 'com.faksmobile.konfamapp:id/txtfullname' and (@text = '' or . = '')]"}[39m
[35m[HTTP][39m [37m<-- POST /wd/hub/session/3c8fbda8-75f7-4ffa-879c-cd0f2eaf0990/elements [39m[32m200[39m [90m154 ms - 139[39m
[35m[HTTP][39m [90m[39m
[35m[HTTP][39m [37m-->[39m [37mGET[39m [37m/wd/hub/session/3c8fbda8-75f7-4ffa-879c-cd0f2eaf0990/element/00000000-0000-0074-ffff-ffff00000011/location[39m
[35m[HTTP][39m [90m{}[39m
[35m[W3C (3c8fbda8)][39m Driver proxy active, passing request on via HTTP proxy
[35m[WD Proxy][39m Replacing sessionId bd0e9cbd-7b14-4ec9-bb6a-822bdc399f40 with 3c8fbda8-75f7-4ffa-879c-cd0f2eaf0990
[35m[HTTP][39m [37m<-- GET /wd/hub/session/3c8fbda8-75f7-4ffa-879c-cd0f2eaf0990/element/00000000-0000-0074-ffff-ffff00000011/location [39m[32m200[39m [90m18 ms - 77[39m
[35m[HTTP][39m [90m[39m
[35m[HTTP][39m [37m-->[39m [37mPOST[39m [37m/wd/hub/session/3c8fbda8-75f7-4ffa-879c-cd0f2eaf0990/element/00000000-0000-0074-ffff-ffff00000011/clear[39m
[35m[HTTP][39m [90m{"id":"00000000-0000-0074-ffff-ffff00000011"}[39m
[35m[HTTP][39m [37m<-- POST /wd/hub/session/3c8fbda8-75f7-4ffa-879c-cd0f2eaf0990/element/00000000-0000-0074-ffff-ffff00000011/clear [39m[32m200[39m [90m21 ms - 14[39m
[35m[HTTP][39m [90m[39m
[35m[HTTP][39m [37m-->[39m [37mPOST[39m [37m/wd/hub/session/3c8fbda8-75f7-4ffa-879c-cd0f2eaf0990/element/00000000-0000-0074-ffff-ffff00000011/value[39m
[35m[HTTP][39m [90m{"id":"00000000-0000-0074-ffff-ffff00000011","text":"deepak","value":["d","e","e","p","a","k"]}[39m
[35m[HTTP][39m [37m<-- POST /wd/hub/session/3c8fbda8-75f7-4ffa-879c-cd0f2eaf0990/element/00000000-0000-0074-ffff-ffff00000011/value [39m[32m200[39m [90m705 ms - 14[39m
[35m[HTTP][39m [90m[39m
[35m[HTTP][39m [37m-->[39m [37mGET[39m [37m/wd/hub/session/3c8fbda8-75f7-4ffa-879c-cd0f2eaf0990/source[39m
[35m[HTTP][39m [90m{}[39m
[35m[W3C (3c8fbda8)][39m Driver proxy active, passing request on via HTTP proxy
[35m[WD Proxy][39m Replacing sessionId bd0e9cbd-7b14-4ec9-bb6a-822bdc399f40 with 3c8fbda8-75f7-4ffa-879c-cd0f2eaf0990
[35m[HTTP][39m [37m<-- GET /wd/hub/session/3c8fbda8-75f7-4ffa-879c-cd0f2eaf0990/source [39m[32m200[39m [90m193 ms - 12845[39m
[35m[HTTP][39m [90m[39m
[35m[HTTP][39m [37m-->[39m [37mGET[39m [37m/wd/hub/session/3c8fbda8-75f7-4ffa-879c-cd0f2eaf0990/screenshot[39m
[35m[HTTP][39m [90m{}[39m
[35m[HTTP][39m [37m<-- GET /wd/hub/session/3c8fbda8-75f7-4ffa-879c-cd0f2eaf0990/screenshot [39m[32m200[39m [90m660 ms - 236210[39m
[35m[HTTP][39m [90m[39m
[35m[HTTP][39m [37m-->[39m [37mPOST[39m [37m/wd/hub/session/3c8fbda8-75f7-4ffa-879c-cd0f2eaf0990/elements[39m
[35m[HTTP][39m [90m{"using":"xpath","value":"//*[@class = 'android.widget.Button' and (@text = 'REGISTER' or . = 'REGISTER') and @resource-id = 'com.faksmobile.konfamapp:id/email_sign_in_button']"}[39m
[35m[HTTP][39m [37m<-- POST /wd/hub/session/3c8fbda8-75f7-4ffa-879c-cd0f2eaf0990/elements [39m[32m200[39m [90m110 ms - 139[39m
[35m[HTTP][39m [90m[39m
[35m[HTTP][39m [37m-->[39m [37mGET[39m [37m/wd/hub/session/3c8fbda8-75f7-4ffa-879c-cd0f2eaf0990/window/rect[39m
[35m[HTTP][39m [90m{}[39m
[35m[HTTP][39m [37m<-- GET /wd/hub/session/3c8fbda8-75f7-4ffa-879c-cd0f2eaf0990/window/rect [39m[32m200[39m [90m9 ms - 50[39m
[35m[HTTP][39m [90m[39m
[35m[HTTP][39m [37m-->[39m [37mPOST[39m [37m/wd/hub/session/3c8fbda8-75f7-4ffa-879c-cd0f2eaf0990/elements[39m
[35m[HTTP][39m [90m{"using":"xpath","value":"//*[@class = 'android.widget.Button' and (@text = 'REGISTER' or . = 'REGISTER') and @resource-id = 'com.faksmobile.konfamapp:id/email_sign_in_button']"}[39m
[35m[HTTP][39m [37m<-- POST /wd/hub/session/3c8fbda8-75f7-4ffa-879c-cd0f2eaf0990/elements [39m[32m200[39m [90m114 ms - 139[39m
[35m[HTTP][39m [90m[39m
[35m[HTTP][39m [37m-->[39m [37mGET[39m [37m/wd/hub/session/3c8fbda8-75f7-4ffa-879c-cd0f2eaf0990/element/00000000-0000-0074-ffff-ffff0000001b/location[39m
[35m[HTTP][39m [90m{}[39m
[35m[W3C (3c8fbda8)][39m Driver proxy active, passing request on via HTTP proxy
[35m[WD Proxy][39m Replacing sessionId bd0e9cbd-7b14-4ec9-bb6a-822bdc399f40 with 3c8fbda8-75f7-4ffa-879c-cd0f2eaf0990
[35m[HTTP][39m [37m<-- GET /wd/hub/session/3c8fbda8-75f7-4ffa-879c-cd0f2eaf0990/element/00000000-0000-0074-ffff-ffff0000001b/location [39m[32m200[39m [90m17 ms - 78[39m
[35m[HTTP][39m [90m[39m
[35m[HTTP][39m [37m-->[39m [37mPOST[39m [37m/wd/hub/session/3c8fbda8-75f7-4ffa-879c-cd0f2eaf0990/element/00000000-0000-0074-ffff-ffff0000001b/click[39m
[35m[HTTP][39m [90m{"id":"00000000-0000-0074-ffff-ffff0000001b"}[39m
[35m[HTTP][39m [37m<-- POST /wd/hub/session/3c8fbda8-75f7-4ffa-879c-cd0f2eaf0990/element/00000000-0000-0074-ffff-ffff0000001b/click [39m[32m200[39m [90m797 ms - 14[39m
[35m[HTTP][39m [90m[39m
[35m[HTTP][39m [37m-->[39m [37mGET[39m [37m/wd/hub/session/3c8fbda8-75f7-4ffa-879c-cd0f2eaf0990/source[39m
[35m[HTTP][39m [90m{}[39m
[35m[W3C (3c8fbda8)][39m Driver proxy active, passing request on via HTTP proxy
[35m[WD Proxy][39m Replacing sessionId bd0e9cbd-7b14-4ec9-bb6a-822bdc399f40 with 3c8fbda8-75f7-4ffa-879c-cd0f2eaf0990
[35m[HTTP][39m [37m<-- GET /wd/hub/session/3c8fbda8-75f7-4ffa-879c-cd0f2eaf0990/source [39m[32m200[39m [90m238 ms - 11425[39m
[35m[HTTP][39m [90m[39m
[35m[HTTP][39m [37m-->[39m [37mGET[39m [37m/wd/hub/session/3c8fbda8-75f7-4ffa-879c-cd0f2eaf0990/screenshot[39m
[35m[HTTP][39m [90m{}[39m
[35m[HTTP][39m [37m<-- GET /wd/hub/session/3c8fbda8-75f7-4ffa-879c-cd0f2eaf0990/screenshot [39m[32m200[39m [90m1658 ms - 228636[39m
[35m[HTTP][39m [90m[39m
[35m[HTTP][39m [37m-->[39m [37mPOST[39m [37m/wd/hub/session/3c8fbda8-75f7-4ffa-879c-cd0f2eaf0990/elements[39m
[35m[HTTP][39m [90m{"using":"xpath","value":"//*[@class = 'android.widget.ImageView' and @resource-id = 'com.faksmobile.konfamapp:id/konfamimage' and (@text = '' or . = '')]"}[39m
[35m[HTTP][39m [37m<-- POST /wd/hub/session/3c8fbda8-75f7-4ffa-879c-cd0f2eaf0990/elements [39m[32m200[39m [90m306 ms - 139[39m
[35m[HTTP][39m [90m[39m
[35m[HTTP][39m [37m-->[39m [37mPOST[39m [37m/wd/hub/session/3c8fbda8-75f7-4ffa-879c-cd0f2eaf0990/elements[39m
[35m[HTTP][39m [90m{"using":"xpath","value":"//*[@class = 'android.widget.ImageView' and @resource-id = 'com.faksmobile.konfamapp:id/konfamimage' and (@text = '' or . = '')]"}[39m
[35m[HTTP][39m [37m<-- POST /wd/hub/session/3c8fbda8-75f7-4ffa-879c-cd0f2eaf0990/elements [39m[32m200[39m [90m82 ms - 139[39m
[35m[HTTP][39m [90m[39m
[35m[HTTP][39m [37m-->[39m [37mGET[39m [37m/wd/hub/session/3c8fbda8-75f7-4ffa-879c-cd0f2eaf0990/source[39m
[35m[HTTP][39m [90m{}[39m
[35m[W3C (3c8fbda8)][39m Driver proxy active, passing request on via HTTP proxy
[35m[WD Proxy][39m Replacing sessionId bd0e9cbd-7b14-4ec9-bb6a-822bdc399f40 with 3c8fbda8-75f7-4ffa-879c-cd0f2eaf0990
[35m[HTTP][39m [37m<-- GET /wd/hub/session/3c8fbda8-75f7-4ffa-879c-cd0f2eaf0990/source [39m[32m200[39m [90m112 ms - 12845[39m
[35m[HTTP][39m [90m[39m
[35m[HTTP][39m [37m-->[39m [37mGET[39m [37m/wd/hub/session/3c8fbda8-75f7-4ffa-879c-cd0f2eaf0990/screenshot[39m
[35m[HTTP][39m [90m{}[39m
[35m[HTTP][39m [37m<-- GET /wd/hub/session/3c8fbda8-75f7-4ffa-879c-cd0f2eaf0990/screenshot [39m[32m200[39m [90m672 ms - 235528[39m
[35m[HTTP][39m [90m[39m
[35m[HTTP][39m [37m-->[39m [37mDELETE[39m [37m/wd/hub/session/3c8fbda8-75f7-4ffa-879c-cd0f2eaf0990[39m
[35m[HTTP][39m [90m{}[39m
[35m[Appium][39m Removing session 3c8fbda8-75f7-4ffa-879c-cd0f2eaf0990 from our master session list
[35m[UiAutomator2][39m Restoring hidden api policy to the device default configuration
[35m[HTTP][39m [37m<-- DELETE /wd/hub/session/3c8fbda8-75f7-4ffa-879c-cd0f2eaf0990 [39m[32m200[39m [90m648 ms - 14[39m
[35m[HTTP][39m [90m[39m
